2026-03-29 14:26:08	INFO	::casa	
2026-03-29 14:26:08	INFO	::casa	data_update: version installed or checked less than 1 day(s) ago, nothing updated or checked
2026-03-29 14:26:08	INFO	::casa	measures_update: version installed or checked less than 1 day(s) ago, nothing updated or checked
2026-03-29 14:26:08	INFO	::casa	
2026-03-29 14:26:09	INFO	::casa	Python version 3.14.3
2026-03-29 14:26:09	INFO	::casa	CASA Version MODULAR 6.7.5.9
2026-03-29 14:26:09	INFO	plotms::::casa	##########################################
2026-03-29 14:26:09	INFO	plotms::::casa	##### Begin Task: plotms             #####
2026-03-29 14:26:09	INFO	plotms::::casa	plotms( vis='/Users/brianglendenning/SoftwareProjects/casatestdata/measurementset/vla/ngc5921.ms', caltable='', gridrows=1, gridcols=1, rowindex=0, colindex=0, plotindex=0, xaxis='time', xdatacolumn='', xframe='', xinterp='', yaxis='amp', ydatacolumn='', yframe='', yinterp='', yaxislocation='', selectdata=True, field='0', spw='0', timerange='', uvrange='', antenna='', scan='1', correlation='', polarization='', antpos='', array='', observation='', intent='', feed='', msselect='', averagedata=True, avgchannel='', avgtime='', avgscan=False, avgfield=False, avgbaseline=False, avgantenna=False, avgspw=False, scalar=False, transform=True, freqframe='', restfreq='', veldef='RADIO', phasecenter='', extendflag=False, extcorr=False, extchannel=False, iteraxis='', xselfscale=False, yselfscale=False, xsharedaxis=False, ysharedaxis=False, customsymbol=[], symbolshape='autoscaling', symbolsize=2, symbolcolor='0000ff', symbolfill='fill', symboloutline=False, coloraxis='corr', customflaggedsymbol=False, flaggedsymbolshape='circle', flaggedsymbolsize=2, flaggedsymbolcolor='ff0000', flaggedsymbolfill='fill', flaggedsymboloutline=False, xconnector='', timeconnector=False, plotrange=[], title='', titlefont=0, xlabel='', xaxisfont=0, ylabel='', yaxisfont=0, showmajorgrid=False, majorwidth=1, majorstyle='', majorcolor='B0B0B0', showminorgrid=False, minorwidth=1, minorstyle='', minorcolor='D0D0D0', showlegend=False, legendposition='', plotfile='', expformat='', verbose=True, exprange='', highres=False, dpi=-1, width=-1, height=-1, overwrite=False, showgui=False, clearplots=True, callib=[], headeritems='', showatm=False, showtsky=False, showimage=False, colorizeoverlay=False )
2026-03-29 14:26:09	INFO	plotms::::casa	casaplotms started: 0.0.0.0:51636
2026-03-29 14:26:09	INFO	PlotMS::params_changed	Updating: REDRAW, MSDATA, CACHE, AXES, CANVAS, DISPLAY, PAGEHEADER, ITERATION, LOG, PLOTMS_OPTIONS.
2026-03-29 14:26:10	INFO	PlotMS::params_changed	Updating: REDRAW, MSDATA, CACHE, AXES, CANVAS, DISPLAY, PAGEHEADER, ITERATION, LOG, PLOTMS_OPTIONS.
2026-03-29 14:26:10	INFO	PlotMS::params_changed	Updating: REDRAW, MSDATA, CACHE, DISPLAY.
2026-03-29 14:26:10	INFO	PlotMS::load_cache	Clearing the existing plotms cache.
2026-03-29 14:26:10	INFO	PlotMS::load_cache	START: 
2026-03-29 14:26:10	INFO	PlotMS::load_cache	Plotting table ngc5921.ms
2026-03-29 14:26:10	INFO	PlotMS::load_cache	  Selection: field: 0, spw: 0, scan: 1
2026-03-29 14:26:10	INFO	PlotMS::load_cache	Caching for the new plot: Amp(17):data vs. Time(2)...
2026-03-29 14:26:10	INFO	PlotMS::load_cache	Loading page header cache
2026-03-29 14:26:10	INFO	PlotMS::load_cache	Data selection will yield a total of 568134 points (flagged and unflagged).
2026-03-29 14:26:10	INFO	PlotMS::load_cache+	The plotms cache will require an estimated 0.00347242 GB of memory (6.11197 bytes/point).
2026-03-29 14:26:10	INFO	PlotMS::load_cache+	This is 0.0103486% of the memory avail. to CASA (33.5544 GB).
2026-03-29 14:26:10	INFO	PlotMS::load_cache	Loading chunks......
2026-03-29 14:26:10	INFO	PlotMS::load_cache	Generating the plot mask.
2026-03-29 14:26:10	INFO	PlotMS::load_cache	refTime = 1995/04/13/00:00:00.0
2026-03-29 14:26:10	INFO	PlotMS::load_cache	Finished loading.
2026-03-29 14:26:10	INFO	PlotMS::load_cache	Setting up iteration indexing (if necessary), and calculating plot ranges.
2026-03-29 14:26:10	INFO	PlotMS::load_cache	Axes ranges:
2026-03-29 14:26:10	INFO	PlotMS::load_cache+	Time: 4.30448e+09 to 4.30448e+09 (unflagged); (no flagged data)
2026-03-29 14:26:10	INFO	PlotMS::load_cache+	Amp:data: 0.000681507 to 73.2498 (unflagged); (no flagged data)
2026-03-29 14:26:10	INFO	PlotMS::load_cache	Finished indexing.
2026-03-29 14:26:10	INFO	PlotMS::load_cache	END       Time: +0 seconds.
2026-03-29 14:26:10	INFO	PlotMS::plot	Plotting 568134 unflagged points.
2026-03-29 14:26:10	INFO	plotms::::casa	Task plotms complete. Start time: 2026-03-29 08:26:09.024096 End time: 2026-03-29 08:26:09.685463
2026-03-29 14:26:10	INFO	plotms::::casa	##### End Task: plotms               #####
2026-03-29 14:26:10	INFO	plotms::::casa	##########################################
2026-03-29 14:26:10	INFO	plotms::::casa	##########################################
2026-03-29 14:26:10	INFO	plotms::::casa	##### Begin Task: plotms             #####
2026-03-29 14:26:10	INFO	plotms::::casa	plotms( vis='/Users/brianglendenning/SoftwareProjects/casatestdata/measurementset/vla/ngc5921.ms', caltable='', gridrows=1, gridcols=1, rowindex=0, colindex=0, plotindex=1, xaxis='time', xdatacolumn='', xframe='', xinterp='', yaxis='amp', ydatacolumn='model', yframe='', yinterp='', yaxislocation='', selectdata=True, field='0', spw='0', timerange='', uvrange='', antenna='', scan='1', correlation='', polarization='', antpos='', array='', observation='', intent='', feed='', msselect='', averagedata=True, avgchannel='', avgtime='', avgscan=False, avgfield=False, avgbaseline=False, avgantenna=False, avgspw=False, scalar=False, transform=True, freqframe='', restfreq='', veldef='RADIO', phasecenter='', extendflag=False, extcorr=False, extchannel=False, iteraxis='', xselfscale=False, yselfscale=False, xsharedaxis=False, ysharedaxis=False, customsymbol=[], symbolshape='autoscaling', symbolsize=2, symbolcolor='0000ff', symbolfill='fill', symboloutline=False, coloraxis='corr', customflaggedsymbol=False, flaggedsymbolshape='circle', flaggedsymbolsize=2, flaggedsymbolcolor='ff0000', flaggedsymbolfill='fill', flaggedsymboloutline=False, xconnector='', timeconnector=False, plotrange=[], title='', titlefont=0, xlabel='', xaxisfont=0, ylabel='', yaxisfont=0, showmajorgrid=False, majorwidth=1, majorstyle='', majorcolor='B0B0B0', showminorgrid=False, minorwidth=1, minorstyle='', minorcolor='D0D0D0', showlegend=False, legendposition='', plotfile='/var/folders/9d/kbh0zsms1q9_x38n9fvkhybm0000gn/T/tmp.58CNVfmGlh/overplot.png', expformat='png', verbose=True, exprange='', highres=False, dpi=-1, width=1200, height=800, overwrite=True, showgui=False, clearplots=False, callib=[], headeritems='', showatm=False, showtsky=False, showimage=False, colorizeoverlay=False )
2026-03-29 14:26:10	INFO	PlotMS::params_changed	Updating: REDRAW, MSDATA, CACHE, AXES, CANVAS, DISPLAY, PAGEHEADER, ITERATION, LOG, PLOTMS_OPTIONS.
2026-03-29 14:26:10	INFO	PlotMS::params_changed	Updating: REDRAW, MSDATA, CACHE, DISPLAY.
2026-03-29 14:26:10	INFO	PlotMS::load_cache	Clearing the existing plotms cache.
2026-03-29 14:26:10	INFO	PlotMS::load_cache	START: 
2026-03-29 14:26:10	INFO	PlotMS::load_cache	Plotting table ngc5921.ms
2026-03-29 14:26:10	INFO	PlotMS::load_cache	  Selection: field: 0, spw: 0, scan: 1
2026-03-29 14:26:10	INFO	PlotMS::load_cache	Caching for the new plot: Amp(17):model vs. Time(2)...
2026-03-29 14:26:10	INFO	PlotMS::load_cache	Loading page header cache
2026-03-29 14:26:10	INFO	PlotMS::load_cache	Data selection will yield a total of 568134 points (flagged and unflagged).
2026-03-29 14:26:10	INFO	PlotMS::load_cache+	The plotms cache will require an estimated 0.00347242 GB of memory (6.11197 bytes/point).
2026-03-29 14:26:10	INFO	PlotMS::load_cache+	This is 0.0103486% of the memory avail. to CASA (33.5544 GB).
2026-03-29 14:26:10	INFO	PlotMS::load_cache	Loading chunks......
2026-03-29 14:26:10	INFO	PlotMS::load_cache	Generating the plot mask.
2026-03-29 14:26:10	INFO	PlotMS::load_cache	refTime = 1995/04/13/00:00:00.0
2026-03-29 14:26:10	INFO	PlotMS::load_cache	Finished loading.
2026-03-29 14:26:10	INFO	PlotMS::load_cache	Setting up iteration indexing (if necessary), and calculating plot ranges.
2026-03-29 14:26:10	INFO	PlotMS::load_cache	Axes ranges:
2026-03-29 14:26:10	INFO	PlotMS::load_cache+	Time: 4.30448e+09 to 4.30448e+09 (unflagged); (no flagged data)
2026-03-29 14:26:10	INFO	PlotMS::load_cache+	Amp:model: 1 to 1 (unflagged); (no flagged data)
2026-03-29 14:26:10	INFO	PlotMS::load_cache	Finished indexing.
2026-03-29 14:26:10	INFO	PlotMS::load_cache	END       Time: +0 seconds.
2026-03-29 14:26:10	INFO	PlotMS::plot	Plotting 568134 unflagged points.
2026-03-29 14:26:10	INFO	plotms::::casa	Exporting the plot to /var/folders/9d/kbh0zsms1q9_x38n9fvkhybm0000gn/T/tmp.58CNVfmGlh/overplot.png
2026-03-29 14:26:10	INFO	QPExporter::export	START: 
2026-03-29 14:26:10	INFO	QPExporter::export	END       Time: +2 seconds.
2026-03-29 14:26:12	INFO	PlotMS::plot	Exported /var/folders/9d/kbh0zsms1q9_x38n9fvkhybm0000gn/T/tmp.58CNVfmGlh/overplot.png
2026-03-29 14:26:12	INFO	plotms::::casa	Task plotms complete. Start time: 2026-03-29 08:26:09.687163 End time: 2026-03-29 08:26:12.223103
2026-03-29 14:26:12	INFO	plotms::::casa	##### End Task: plotms               #####
2026-03-29 14:26:12	INFO	plotms::::casa	##########################################
2026-03-29 14:26:12	INFO	plotms::::casa	Terminating casaplotms, PID: 45411
2026-03-29 14:26:12	INFO	plotms::::casa	Waiting for casaplotms to terminate. Poll return code: None, PID: 45411
2026-03-29 14:26:13	INFO	plotms::::casa	Finished shutting down casaplotms. Poll return code: -15, PID: 45411
